Resposta de Chat Action Enviada?true
    Mensagem Enviada?true
    Resposta de Chat Action Enviada?true
    Mensagem Enviada?true
    Resposta de Chat Action Enviada?true
    Mensagem Enviada?true
    Mensagem Enviada?true
    Mensagem Enviada?true
    Mensagem Enviada?true
    Mensagem Enviada?true
    Mensagem Enviada?true
    Mensagem Enviada?true
    Mensagem Enviada?true
    Mensagem Enviada?true
    Resposta de Chat Action Enviada?true
    Mensagem Enviada?true
    Mensagem Enviada?true
    Mensagem Enviada?true
    Mensagem Enviada?true
    Mensagem Enviada?true
    Mensagem Enviada?true
    Mensagem Enviada?true
    Mensagem Enviada?true
    Mensagem Enviada?true
    Mensagem Enviada?true
    Mensagem Enviada?true
    Mensagem Enviada?true
    Mensagem Enviada?true
    Mensagem Enviada?true
    Mensagem Enviada?true
    Mensagem Enviada?true
    Erro na busca de redditsjava.lang.RuntimeException: java.net.UnknownHostException: api.telegram.org
    Resposta de Chat Action Enviada?true
    Mensagem Enviada?true
    Resposta de Chat Action Enviada?true
    Mensagem Enviada?true
    Mensagem Enviada?true
    Mensagem Enviada?true
    Mensagem Enviada?true
    Mensagem Enviada?true
    Mensagem Enviada?true
    Resposta de Chat Action Enviada?true
    Mensagem Enviada?true
    Mensagem Enviada?true
    Mensagem Enviada?true
    Mensagem Enviada?true
    Mensagem Enviada?true
    Resposta de Chat Action Enviada?true
    Mensagem Enviada?true
    Resposta de Chat Action Enviada?true
    Mensagem Enviada?true
    Mensagem Enviada?true
    Mensagem Enviada?true
    Mensagem Enviada?true
    Mensagem Enviada?true
    Mensagem Enviada?true
    Mensagem Enviada?true
    Mensagem Enviada?true
    Mensagem Enviada?true
    Mensagem Enviada?true
    Mensagem Enviada?true
    Mensagem Enviada?true
    Mensagem Enviada?true
    Mensagem Enviada?true
    Resposta de Chat Action Enviada?true
    Mensagem Enviada?true
    Resposta de Chat Action Enviada?true
    Mensagem Enviada?true
    Mensagem Enviada?true
    Mensagem Enviada?true
    Mensagem Enviada?true
    Mensagem Enviada?true
    Mensagem Enviada?true
    Mensagem Enviada?true
    Mensagem Enviada?true
    Mensagem Enviada?true
    Mensagem Enviada?true
    Mensagem Enviada?true
    Mensagem Enviada?true
    Mensagem Enviada?true
    Mensagem Enviada?true
    Mensagem Enviada?true
    Mensagem Enviada?true
    Mensagem Enviada?true
    Mensagem Enviada?true
    Mensagem Enviada?true
    Mensagem Enviada?true
    Mensagem Enviada?true
    Mensagem Enviada?true
    Mensagem Enviada?true
    Mensagem Enviada?true
    Mensagem Enviada?true
    Mensagem Enviada?true
    Mensagem Enviada?true
    Mensagem Enviada?true
    Mensagem Enviada?true
    Mensagem Enviada?true
    Resposta de Chat Action Enviada?true
    Mensagem Enviada?true
    Resposta de Chat Action Enviada?true
    Mensagem Enviada?true
    Mensagem Enviada?true
    Mensagem Enviada?true
    Mensagem Enviada?true
    Erro na busca de redditsjava.lang.NullPointerException
    Erro na busca de redditsjava.lang.NullPointerException
    Erro na busca de redditsjava.lang.NullPointerException
    Resposta de Chat Action Enviada?true
    Mensagem Enviada?true
    Mensagem Enviada?true
    Resposta de Chat Action Enviada?true
    Mensagem Enviada?true
    Mensagem Enviada?true
    Mensagem Enviada?true
    Mensagem Enviada?true
    